running egg_info
creating ../../build/my_bot_description/my_bot_description.egg-info
writing ../../build/my_bot_description/my_bot_description.egg-info/PKG-INFO
writing dependency_links to ../../build/my_bot_description/my_bot_description.egg-info/dependency_links.txt
writing requirements to ../../build/my_bot_description/my_bot_description.egg-info/requires.txt
writing top-level names to ../../build/my_bot_description/my_bot_description.egg-info/top_level.txt
writing manifest file '../../build/my_bot_description/my_bot_description.egg-info/SOURCES.txt'
reading manifest file '../../build/my_bot_description/my_bot_description.egg-info/SOURCES.txt'
writing manifest file '../../build/my_bot_description/my_bot_description.egg-info/SOURCES.txt'
running build
running build_py
creating /home/ssafy/ros2_ws/build/my_bot_description/build
creating /home/ssafy/ros2_ws/build/my_bot_description/build/lib
creating /home/ssafy/ros2_ws/build/my_bot_description/build/lib/my_bot_description
copying my_bot_description/__init__.py -> /home/ssafy/ros2_ws/build/my_bot_description/build/lib/my_bot_description
running install
running install_lib
creating /home/ssafy/ros2_ws/install/my_bot_description/lib/python3.12/site-packages/my_bot_description
copying /home/ssafy/ros2_ws/build/my_bot_description/build/lib/my_bot_description/__init__.py -> /home/ssafy/ros2_ws/install/my_bot_description/lib/python3.12/site-packages/my_bot_description
byte-compiling /home/ssafy/ros2_ws/install/my_bot_description/lib/python3.12/site-packages/my_bot_description/__init__.py to __init__.cpython-312.pyc
running install_data
creating /home/ssafy/ros2_ws/install/my_bot_description/share/ament_index
creating /home/ssafy/ros2_ws/install/my_bot_description/share/ament_index/resource_index
creating /home/ssafy/ros2_ws/install/my_bot_description/share/ament_index/resource_index/packages
copying resource/my_bot_description -> /home/ssafy/ros2_ws/install/my_bot_description/share/ament_index/resource_index/packages
copying package.xml -> /home/ssafy/ros2_ws/install/my_bot_description/share/my_bot_description
running install_egg_info
Copying ../../build/my_bot_description/my_bot_description.egg-info to /home/ssafy/ros2_ws/install/my_bot_description/lib/python3.12/site-packages/my_bot_description-0.0.0-py3.12.egg-info
running install_scripts
writing list of installed files to '/home/ssafy/ros2_ws/build/my_bot_description/install.log'
