[1.886s] Invoking command in '/home/ssafy/ros2_ws/src/my_bot_description': PYTHONPATH=/home/ssafy/ros2_ws/build/my_bot_description/prefix_override:/usr/lib/python3/dist-packages/colcon_core/task/python/colcon_distutils_commands:/home/ssafy/ros2_ws/install/my_bot_description/lib/python3.12/site-packages:${PYTHONPATH} /usr/bin/python3 -W ignore:setup.py install is deprecated -W ignore:easy_install command is deprecated setup.py egg_info --egg-base ../../build/my_bot_description build --build-base /home/ssafy/ros2_ws/build/my_bot_description/build install --record /home/ssafy/ros2_ws/build/my_bot_description/install.log --single-version-externally-managed install_data
[2.262s] running egg_info
[2.263s] creating ../../build/my_bot_description/my_bot_description.egg-info
[2.288s] writing ../../build/my_bot_description/my_bot_description.egg-info/PKG-INFO
[2.288s] writing dependency_links to ../../build/my_bot_description/my_bot_description.egg-info/dependency_links.txt
[2.288s] writing requirements to ../../build/my_bot_description/my_bot_description.egg-info/requires.txt
[2.288s] writing top-level names to ../../build/my_bot_description/my_bot_description.egg-info/top_level.txt
[2.288s] writing manifest file '../../build/my_bot_description/my_bot_description.egg-info/SOURCES.txt'
[2.340s] reading manifest file '../../build/my_bot_description/my_bot_description.egg-info/SOURCES.txt'
[2.341s] writing manifest file '../../build/my_bot_description/my_bot_description.egg-info/SOURCES.txt'
[2.342s] running build
[2.342s] running build_py
[2.342s] creating /home/ssafy/ros2_ws/build/my_bot_description/build
[2.342s] creating /home/ssafy/ros2_ws/build/my_bot_description/build/lib
[2.342s] creating /home/ssafy/ros2_ws/build/my_bot_description/build/lib/my_bot_description
[2.342s] copying my_bot_description/__init__.py -> /home/ssafy/ros2_ws/build/my_bot_description/build/lib/my_bot_description
[2.343s] running install
[2.352s] running install_lib
[2.378s] creating /home/ssafy/ros2_ws/install/my_bot_description/lib/python3.12/site-packages/my_bot_description
[2.378s] copying /home/ssafy/ros2_ws/build/my_bot_description/build/lib/my_bot_description/__init__.py -> /home/ssafy/ros2_ws/install/my_bot_description/lib/python3.12/site-packages/my_bot_description
[2.378s] byte-compiling /home/ssafy/ros2_ws/install/my_bot_description/lib/python3.12/site-packages/my_bot_description/__init__.py to __init__.cpython-312.pyc
[2.379s] running install_data
[2.379s] creating /home/ssafy/ros2_ws/install/my_bot_description/share/ament_index
[2.379s] creating /home/ssafy/ros2_ws/install/my_bot_description/share/ament_index/resource_index
[2.379s] creating /home/ssafy/ros2_ws/install/my_bot_description/share/ament_index/resource_index/packages
[2.379s] copying resource/my_bot_description -> /home/ssafy/ros2_ws/install/my_bot_description/share/ament_index/resource_index/packages
[2.379s] copying package.xml -> /home/ssafy/ros2_ws/install/my_bot_description/share/my_bot_description
[2.380s] running install_egg_info
[2.408s] Copying ../../build/my_bot_description/my_bot_description.egg-info to /home/ssafy/ros2_ws/install/my_bot_description/lib/python3.12/site-packages/my_bot_description-0.0.0-py3.12.egg-info
[2.409s] running install_scripts
[2.598s] writing list of installed files to '/home/ssafy/ros2_ws/build/my_bot_description/install.log'
[2.742s] Invoked command in '/home/ssafy/ros2_ws/src/my_bot_description' returned '0': PYTHONPATH=/home/ssafy/ros2_ws/build/my_bot_description/prefix_override:/usr/lib/python3/dist-packages/colcon_core/task/python/colcon_distutils_commands:/home/ssafy/ros2_ws/install/my_bot_description/lib/python3.12/site-packages:${PYTHONPATH} /usr/bin/python3 -W ignore:setup.py install is deprecated -W ignore:easy_install command is deprecated setup.py egg_info --egg-base ../../build/my_bot_description build --build-base /home/ssafy/ros2_ws/build/my_bot_description/build install --record /home/ssafy/ros2_ws/build/my_bot_description/install.log --single-version-externally-managed install_data
