running egg_info
creating ../../build/my_bot_controller/my_bot_controller.egg-info
writing ../../build/my_bot_controller/my_bot_controller.egg-info/PKG-INFO
writing dependency_links to ../../build/my_bot_controller/my_bot_controller.egg-info/dependency_links.txt
writing entry points to ../../build/my_bot_controller/my_bot_controller.egg-info/entry_points.txt
writing requirements to ../../build/my_bot_controller/my_bot_controller.egg-info/requires.txt
writing top-level names to ../../build/my_bot_controller/my_bot_controller.egg-info/top_level.txt
writing manifest file '../../build/my_bot_controller/my_bot_controller.egg-info/SOURCES.txt'
reading manifest file '../../build/my_bot_controller/my_bot_controller.egg-info/SOURCES.txt'
writing manifest file '../../build/my_bot_controller/my_bot_controller.egg-info/SOURCES.txt'
running build
running build_py
creating /home/ssafy/ros2_ws/build/my_bot_controller/build
creating /home/ssafy/ros2_ws/build/my_bot_controller/build/lib
creating /home/ssafy/ros2_ws/build/my_bot_controller/build/lib/my_bot_controller
copying my_bot_controller/gui_controller.py -> /home/ssafy/ros2_ws/build/my_bot_controller/build/lib/my_bot_controller
copying my_bot_controller/__init__.py -> /home/ssafy/ros2_ws/build/my_bot_controller/build/lib/my_bot_controller
running install
running install_lib
creating /home/ssafy/ros2_ws/install/my_bot_controller/lib/python3.12/site-packages/my_bot_controller
copying /home/ssafy/ros2_ws/build/my_bot_controller/build/lib/my_bot_controller/gui_controller.py -> /home/ssafy/ros2_ws/install/my_bot_controller/lib/python3.12/site-packages/my_bot_controller
copying /home/ssafy/ros2_ws/build/my_bot_controller/build/lib/my_bot_controller/__init__.py -> /home/ssafy/ros2_ws/install/my_bot_controller/lib/python3.12/site-packages/my_bot_controller
byte-compiling /home/ssafy/ros2_ws/install/my_bot_controller/lib/python3.12/site-packages/my_bot_controller/gui_controller.py to gui_controller.cpython-312.pyc
byte-compiling /home/ssafy/ros2_ws/install/my_bot_controller/lib/python3.12/site-packages/my_bot_controller/__init__.py to __init__.cpython-312.pyc
running install_data
creating /home/ssafy/ros2_ws/install/my_bot_controller/share/ament_index
creating /home/ssafy/ros2_ws/install/my_bot_controller/share/ament_index/resource_index
creating /home/ssafy/ros2_ws/install/my_bot_controller/share/ament_index/resource_index/packages
copying resource/my_bot_controller -> /home/ssafy/ros2_ws/install/my_bot_controller/share/ament_index/resource_index/packages
copying package.xml -> /home/ssafy/ros2_ws/install/my_bot_controller/share/my_bot_controller
running install_egg_info
Copying ../../build/my_bot_controller/my_bot_controller.egg-info to /home/ssafy/ros2_ws/install/my_bot_controller/lib/python3.12/site-packages/my_bot_controller-0.0.0-py3.12.egg-info
running install_scripts
Installing controller script to /home/ssafy/ros2_ws/install/my_bot_controller/lib/my_bot_controller
writing list of installed files to '/home/ssafy/ros2_ws/build/my_bot_controller/install.log'
